app/build/outputs/logs/manifest-merger-debug-report.txt
-- Merging decision tree log ---
manifest
ADDED from src\main\AndroidManifest.xml:2:1-33:12
INJECTED from src\main\AndroidManifest.xml:2:1-33:12
INJECTED from src\main\AndroidManifest.xml:2:1-33:12
	package
		ADDED from src\main\AndroidManifest.xml:3:5-38
		INJECTED from src\main\AndroidManifest.xml
		INJECTED from src\main\AndroidManifest.xml
	xmlns:android
		ADDED from src\main\AndroidManifest.xml:2:11-69
uses-feature#android.hardware.screen.portrait
ADDED from src\main\AndroidManifest.xml:5:3-67
	android:name
		ADDED from src\main\AndroidManifest.xml:5:17-64
uses-feature#android.hardware.sensor.accelerometer
ADDED from src\main\AndroidManifest.xml:6:3-7:41
	android:required
		ADDED from src\main\AndroidManifest.xml:7:15-38
	android:name
		ADDED from src\main\AndroidManifest.xml:6:17-69
uses-feature#android.hardware.sensor.compass
ADDED from src\main\AndroidManifest.xml:8:5-9:41
	android:required
		ADDED from src\main\AndroidManifest.xml:9:15-38
	android:name
		ADDED from src\main\AndroidManifest.xml:8:19-65
application
ADDED from src\main\AndroidManifest.xml:15:5-31:19
	android:label
		ADDED from src\main\AndroidManifest.xml:18:9-41
	android:icon
		ADDED from src\main\AndroidManifest.xml:17:9-45
	android:allowBackup
		ADDED from src\main\AndroidManifest.xml:16:9-35
	android:theme
		ADDED from src\main\AndroidManifest.xml:19:9-40
activity#course.examples.compass.CompassActivity
ADDED from src\main\AndroidManifest.xml:20:9-30:20
	android:screenOrientation
		ADDED from src\main\AndroidManifest.xml:23:13-49
	android:label
		ADDED from src\main\AndroidManifest.xml:22:13-45
	android:name
		ADDED from src\main\AndroidManifest.xml:21:13-44
intent-filter#action:name:android.intent.action.MAIN+category:name:android.intent.category.LAUNCHER
ADDED from src\main\AndroidManifest.xml:25:13-29:29
action#android.intent.action.MAIN
ADDED from src\main\AndroidManifest.xml:26:17-69
	android:name
		ADDED from src\main\AndroidManifest.xml:26:25-66
category#android.intent.category.LAUNCHER
ADDED from src\main\AndroidManifest.xml:28:17-77
	android:name
		ADDED from src\main\AndroidManifest.xml:28:27-74
uses-sdk
INJECTED from src\main\AndroidManifest.xml reason: use-sdk injection requested
INJECTED from src\main\AndroidManifest.xml
INJECTED from src\main\AndroidManifest.xml
INJECTED from src\main\AndroidManifest.xml
INJECTED from src\main\AndroidManifest.xml
	android:targetSdkVersion
		INJECTED from src\main\AndroidManifest.xml
		ADDED from src\main\AndroidManifest.xml
		INJECTED from src\main\AndroidManifest.xml
	android:minSdkVersion
		INJECTED from src\main\AndroidManifest.xml
		ADDED from src\main\AndroidManifest.xml
		INJECTED from src\main\AndroidManifest.xml